TN:
SF:src\App.tsx
FN:6,(anonymous_0)
FNF:1
FNH:1
FNDA:1,(anonymous_0)
DA:1,1
DA:3,1
DA:4,1
DA:6,1
DA:7,1
DA:17,1
LF:6
LH:6
BRF:0
BRH:0
end_of_record
TN:
SF:src\ExitCar.tsx
FN:14,(anonymous_0)
FN:21,(anonymous_1)
FN:26,(anonymous_2)
FN:38,(anonymous_3)
FN:49,(anonymous_4)
FN:57,(anonymous_5)
FNF:6
FNH:1
FNDA:16,(anonymous_0)
FNDA:0,(anonymous_1)
FNDA:0,(anonymous_2)
FNDA:0,(anonymous_3)
FNDA:0,(anonymous_4)
FNDA:0,(anonymous_5)
DA:2,2
DA:3,2
DA:4,2
DA:5,2
DA:6,2
DA:14,2
DA:17,16
DA:18,16
DA:19,16
DA:21,16
DA:22,0
DA:26,16
DA:28,0
DA:39,0
DA:40,0
DA:42,0
DA:43,0
DA:44,0
DA:46,0
DA:50,0
DA:51,0
DA:55,16
DA:57,0
DA:58,0
DA:60,0
DA:61,0
DA:63,0
DA:64,0
DA:65,0
DA:67,0
DA:68,0
DA:69,0
DA:70,0
DA:71,0
DA:74,0
DA:78,0
DA:117,2
LF:37
LH:13
BRDA:39,0,0,0
BRDA:39,0,1,0
BRDA:69,1,0,0
BRDA:70,2,0,0
BRDA:70,2,1,0
BRF:5
BRH:0
end_of_record
TN:
SF:src\Navbar.tsx
FN:1,(anonymous_0)
FNF:1
FNH:1
FNDA:1,(anonymous_0)
DA:1,2
DA:2,1
DA:10,2
LF:3
LH:3
BRF:0
BRH:0
end_of_record
TN:
SF:src\ParkingSpaceCard.tsx
FN:18,(anonymous_0)
FN:25,(anonymous_1)
FN:32,(anonymous_2)
FN:45,(anonymous_3)
FNF:4
FNH:0
FNDA:0,(anonymous_0)
FNDA:0,(anonymous_1)
FNDA:0,(anonymous_2)
FNDA:0,(anonymous_3)
DA:2,1
DA:3,1
DA:4,1
DA:5,1
DA:18,1
DA:19,0
DA:20,0
DA:21,0
DA:22,0
DA:25,0
DA:26,0
DA:27,0
DA:28,0
DA:32,0
DA:33,0
DA:34,0
DA:35,0
DA:36,0
DA:40,0
DA:45,0
DA:66,1
LF:21
LH:6
BRDA:27,0,0,0
BRDA:27,0,1,0
BRDA:33,1,0,0
BRDA:33,2,0,0
BRDA:33,2,1,0
BRDA:46,3,0,0
BRDA:46,3,1,0
BRF:7
BRH:0
end_of_record
TN:
SF:src\SlotPage.tsx
FN:15,(anonymous_0)
FN:18,(anonymous_1)
FN:25,(anonymous_2)
FN:27,(anonymous_3)
FN:37,(anonymous_4)
FN:44,(anonymous_5)
FN:50,(anonymous_6)
FN:55,(anonymous_7)
FN:59,(anonymous_8)
FN:75,(anonymous_9)
FN:77,(anonymous_10)
FN:82,(anonymous_11)
FN:85,(anonymous_12)
FN:105,(anonymous_13)
FN:116,(anonymous_14)
FN:155,(anonymous_15)
FN:182,(anonymous_16)
FN:183,(anonymous_17)
FN:187,(anonymous_18)
FN:216,(anonymous_19)
FNF:20
FNH:6
FNDA:1,(anonymous_0)
FNDA:2,(anonymous_1)
FNDA:2,(anonymous_2)
FNDA:0,(anonymous_3)
FNDA:0,(anonymous_4)
FNDA:0,(anonymous_5)
FNDA:0,(anonymous_6)
FNDA:0,(anonymous_7)
FNDA:1,(anonymous_8)
FNDA:1,(anonymous_9)
FNDA:0,(anonymous_10)
FNDA:1,(anonymous_11)
FNDA:0,(anonymous_12)
FNDA:0,(anonymous_13)
FNDA:0,(anonymous_14)
FNDA:0,(anonymous_15)
FNDA:0,(anonymous_16)
FNDA:0,(anonymous_17)
FNDA:0,(anonymous_18)
FNDA:0,(anonymous_19)
DA:1,1
DA:2,1
DA:3,1
DA:4,1
DA:10,1
DA:11,1
DA:12,1
DA:15,1
DA:16,1
DA:17,1
DA:18,2
DA:19,1
DA:20,1
DA:21,1
DA:22,1
DA:24,1
DA:25,2
DA:27,1
DA:28,0
DA:29,0
DA:30,0
DA:33,0
DA:37,1
DA:38,0
DA:39,0
DA:40,0
DA:41,0
DA:44,1
DA:45,0
DA:46,0
DA:47,0
DA:50,1
DA:51,0
DA:52,0
DA:55,1
DA:56,0
DA:59,1
DA:61,1
DA:62,1
DA:63,0
DA:64,0
DA:65,0
DA:71,0
DA:75,1
DA:77,1
DA:78,0
DA:82,1
DA:85,1
DA:87,0
DA:88,0
DA:89,0
DA:90,0
DA:91,0
DA:94,0
DA:95,0
DA:96,0
DA:97,0
DA:99,0
DA:101,0
DA:105,1
DA:106,0
DA:108,0
DA:109,0
DA:111,0
DA:116,1
DA:117,0
DA:120,1
DA:156,0
DA:157,0
DA:183,0
DA:187,0
DA:216,0
DA:245,1
LF:73
LH:33
BRDA:29,0,0,0
BRDA:29,0,1,0
BRDA:40,1,0,0
BRDA:40,2,0,0
BRDA:40,2,1,0
BRDA:40,2,2,0
BRDA:62,3,0,0
BRDA:88,4,0,0
BRDA:88,4,1,0
BRDA:88,5,0,0
BRDA:88,5,1,0
BRDA:89,6,0,0
BRDA:130,7,0,0
BRDA:130,7,1,1
BRDA:137,8,0,1
BRDA:137,8,1,0
BRDA:137,9,0,1
BRDA:137,9,1,1
BRDA:154,10,0,0
BRDA:154,10,1,1
BRF:20
BRH:5
end_of_record
TN:
SF:src\redux\Store.tsx
FN:7,(anonymous_0)
FN:21,(anonymous_1)
FN:34,(anonymous_2)
FNF:3
FNH:1
FNDA:2,(anonymous_0)
FNDA:0,(anonymous_1)
FNDA:0,(anonymous_2)
DA:2,2
DA:3,2
DA:4,2
DA:5,2
DA:7,2
DA:8,2
DA:9,2
DA:10,2
DA:11,2
DA:12,2
DA:14,0
DA:16,0
DA:17,0
DA:21,2
DA:22,0
DA:23,0
DA:24,0
DA:26,0
DA:30,2
DA:32,2
DA:34,2
DA:35,0
DA:38,2
LF:23
LH:15
BRDA:11,0,0,2
BRF:1
BRH:1
end_of_record
TN:
SF:src\redux\actions\ParkActions.tsx
FN:11,(anonymous_0)
FN:16,(anonymous_1)
FN:21,(anonymous_2)
FN:26,(anonymous_3)
FN:31,(anonymous_4)
FN:36,(anonymous_5)
FN:40,(anonymous_6)
FNF:7
FNH:0
FNDA:0,(anonymous_0)
FNDA:0,(anonymous_1)
FNDA:0,(anonymous_2)
FNDA:0,(anonymous_3)
FNDA:0,(anonymous_4)
FNDA:0,(anonymous_5)
FNDA:0,(anonymous_6)
DA:2,2
DA:11,2
DA:16,2
DA:21,2
DA:26,2
DA:31,2
DA:36,2
DA:40,2
LF:8
LH:8
BRF:0
BRH:0
end_of_record
TN:
SF:src\redux\constants\ParkConstants.tsx
FNF:0
FNH:0
DA:1,2
DA:2,2
DA:3,2
DA:4,2
DA:5,2
DA:6,2
DA:7,2
DA:8,2
LF:8
LH:8
BRF:0
BRH:0
end_of_record
TN:
SF:src\redux\reducers\ParkReducers.tsx
FN:39,(anonymous_0)
FN:40,(anonymous_1)
FN:47,(anonymous_2)
FN:53,(anonymous_3)
FN:71,(anonymous_4)
FN:80,(anonymous_5)
FN:90,(anonymous_6)
FN:115,(anonymous_7)
FN:163,(anonymous_8)
FNF:9
FNH:1
FNDA:0,(anonymous_0)
FNDA:0,(anonymous_1)
FNDA:0,(anonymous_2)
FNDA:0,(anonymous_3)
FNDA:0,(anonymous_4)
FNDA:2,(anonymous_5)
FNDA:0,(anonymous_6)
FNDA:0,(anonymous_7)
FNDA:0,(anonymous_8)
DA:2,2
DA:25,2
DA:35,2
DA:39,2
DA:40,0
DA:42,0
DA:43,0
DA:47,0
DA:50,0
DA:53,2
DA:57,0
DA:59,0
DA:65,0
DA:67,0
DA:71,2
DA:72,0
DA:73,0
DA:74,0
DA:76,0
DA:80,2
DA:81,2
DA:84,0
DA:86,0
DA:87,0
DA:89,0
DA:90,0
DA:94,0
DA:101,0
DA:107,0
DA:109,0
DA:113,0
DA:116,0
DA:127,0
DA:128,0
DA:155,0
DA:157,0
DA:161,0
DA:164,0
DA:174,0
DA:176,0
DA:178,0
DA:179,0
DA:183,0
DA:184,0
DA:187,2
DA:191,2
LF:46
LH:10
BRDA:42,0,0,0
BRDA:50,1,0,0
BRDA:50,1,1,0
BRDA:54,2,0,0
BRDA:57,3,0,0
BRDA:57,3,1,0
BRDA:57,3,2,0
BRDA:80,4,0,2
BRDA:81,5,0,0
BRDA:81,5,1,0
BRDA:81,5,2,0
BRDA:81,5,3,0
BRDA:81,5,4,0
BRDA:81,5,5,2
BRDA:86,6,0,0
BRDA:86,6,1,0
BRDA:109,7,0,0
BRDA:109,7,1,0
BRDA:110,8,0,0
BRDA:110,8,1,0
BRDA:116,9,0,0
BRDA:116,9,1,0
BRDA:157,10,0,0
BRDA:157,10,1,0
BRDA:158,11,0,0
BRDA:158,11,1,0
BRDA:164,12,0,0
BRDA:164,12,1,0
BRF:28
BRH:2
end_of_record
